app/build/intermediates/manifest_merge_blame_file/debug/manifest-merger-blame-debug-report.txt
1<?xml version="1.0" encoding="utf-8"?>
2<manifest xmlns:android="http://schemas.android.com/apk/res/android"
3    package="com.example.android.stockkeepingassistant"
4    android:versionCode="1"
5    android:versionName="1.0" >
6
7    <uses-sdk
8        android:minSdkVersion="19"
8-->src\main\AndroidManifest.xml
9        android:targetSdkVersion="33" />
9-->src\main\AndroidManifest.xml
10
11    <!-- Although the *SdkVersion is captured in gradle build files, this is required for non gradle builds -->
12    <!-- <uses-sdk android:minSdkVersion="14"/> -->
13    <uses-permission android:name="android.permission.ACCESS_NETWORK_STATE" />
13-->[com.google.firebase:firebase-database:20.1.0] AndroidManifest.xml:24:5-79
13-->[com.google.firebase:firebase-database:20.1.0] AndroidManifest.xml:24:22-76
14    <uses-permission android:name="android.permission.INTERNET" />
14-->[com.google.firebase:firebase-database:20.1.0] AndroidManifest.xml:25:5-67
14-->[com.google.firebase:firebase-database:20.1.0] AndroidManifest.xml:25:22-64
15    <uses-permission android:name="android.permission.WAKE_LOCK" />
15-->[com.google.android.gms:play-services-measurement-api:18.0.2] AndroidManifest.xml:24:5-68
15-->[com.google.android.gms:play-services-measurement-api:18.0.2] AndroidManifest.xml:24:22-65
16    <uses-permission android:name="com.google.android.finsky.permission.BIND_GET_INSTALL_REFERRER_SERVICE" />
16-->[com.google.android.gms:play-services-measurement:18.0.2] AndroidManifest.xml:26:5-110
16-->[com.google.android.gms:play-services-measurement:18.0.2] AndroidManifest.xml:26:22-107
17
18    <queries>
18-->[androidx.media:media:1.4.1] AndroidManifest.xml:24:5-28:15
19        <intent>
19-->[androidx.media:media:1.4.1] AndroidManifest.xml:25:9-27:18
20            <action android:name="android.media.browse.MediaBrowserService" />
20-->[androidx.media:media:1.4.1] AndroidManifest.xml:26:13-79
20-->[androidx.media:media:1.4.1] AndroidManifest.xml:26:21-76
21        </intent>
22    </queries>
23
24    <permission
24-->[androidx.core:core:1.9.0] AndroidManifest.xml:22:5-24:47
25        android:name="com.example.android.stockkeepingassistant.DYNAMIC_RECEIVER_NOT_EXPORTED_PERMISSION"
25-->[androidx.core:core:1.9.0] AndroidManifest.xml:23:9-81
26        android:protectionLevel="signature" />
26-->[androidx.core:core:1.9.0] AndroidManifest.xml:24:9-44
27
28    <uses-permission android:name="com.example.android.stockkeepingassistant.DYNAMIC_RECEIVER_NOT_EXPORTED_PERMISSION" />
28-->[androidx.core:core:1.9.0] AndroidManifest.xml:26:5-97
28-->[androidx.core:core:1.9.0] AndroidManifest.xml:26:22-94
29
30    <application
30-->src\main\AndroidManifest.xml:6:5-53:19
31        android:allowBackup="false"
31-->src\main\AndroidManifest.xml:7:9-36
32        android:appComponentFactory="androidx.core.app.CoreComponentFactory"
32-->[androidx.core:core:1.9.0] AndroidManifest.xml:28:18-86
33        android:debuggable="true"
34        android:extractNativeLibs="false"
34-->src\main\AndroidManifest.xml:8:9-42
35        android:icon="@mipmap/ic_launcher"
35-->src\main\AndroidManifest.xml:9:9-43
36        android:label="@string/app_name"
36-->src\main\AndroidManifest.xml:10:9-41
37        android:supportsRtl="true"
37-->src\main\AndroidManifest.xml:11:9-35
38        android:testOnly="true"
39        android:theme="@style/AppTheme" >
39-->src\main\AndroidManifest.xml:12:9-40
40        <activity
40-->src\main\AndroidManifest.xml:15:9-23:20
41            android:name="com.example.android.stockkeepingassistant.LoginActivity"
41-->src\main\AndroidManifest.xml:16:13-42
42            android:exported="true" >
42-->src\main\AndroidManifest.xml:17:13-36
43            <intent-filter>
43-->src\main\AndroidManifest.xml:18:13-22:29
44                <action android:name="android.intent.action.MAIN" />
44-->src\main\AndroidManifest.xml:19:17-69
44-->src\main\AndroidManifest.xml:19:25-66
45
46                <category android:name="android.intent.category.LAUNCHER" />
46-->src\main\AndroidManifest.xml:21:17-77
46-->src\main\AndroidManifest.xml:21:27-74
47            </intent-filter>
48        </activity>
49        <activity android:name="com.example.android.stockkeepingassistant.RegisterActivity" />
49-->src\main\AndroidManifest.xml:24:9-54
49-->src\main\AndroidManifest.xml:24:19-51
50        <activity android:name="com.example.android.stockkeepingassistant.view.ui.CatalogUserActivity" />
50-->src\main\AndroidManifest.xml:25:9-65
50-->src\main\AndroidManifest.xml:25:19-62
51        <activity android:name="com.example.android.stockkeepingassistant.MainActivity" />
51-->src\main\AndroidManifest.xml:26:9-49
51-->src\main\AndroidManifest.xml:26:19-47
52        <activity
52-->src\main\AndroidManifest.xml:27:9-35:20
53            android:name="com.example.android.stockkeepingassistant.view.ui.CatalogActivity"
53-->src\main\AndroidManifest.xml:28:13-52
54            android:exported="true" >
54-->src\main\AndroidManifest.xml:29:13-36
55            <intent-filter>
55-->src\main\AndroidManifest.xml:18:13-22:29
56                <action android:name="android.intent.action.MAIN" />
56-->src\main\AndroidManifest.xml:19:17-69
56-->src\main\AndroidManifest.xml:19:25-66
57
58                <category android:name="android.intent.category.LAUNCHER" />
58-->src\main\AndroidManifest.xml:21:17-77
58-->src\main\AndroidManifest.xml:21:27-74
59            </intent-filter>
60        </activity>
61        <activity
61-->src\main\AndroidManifest.xml:36:9-38:69
62            android:name="com.example.android.stockkeepingassistant.view.ui.ProductActivity"
62-->src\main\AndroidManifest.xml:37:13-52
63            android:parentActivityName="com.example.android.stockkeepingassistant.view.ui.CatalogActivity" />
63-->src\main\AndroidManifest.xml:38:13-66
64
65        <provider
65-->src\main\AndroidManifest.xml:40:9-43:40
66            android:name="com.example.android.stockkeepingassistant.model.ProductProvider"
66-->src\main\AndroidManifest.xml:41:13-50
67            android:authorities="com.example.android.stockkeepingassistant"
67-->src\main\AndroidManifest.xml:42:13-76
68            android:exported="false" />
68-->src\main\AndroidManifest.xml:43:13-37
69        <provider
69-->src\main\AndroidManifest.xml:44:9-52:20
70            android:name="androidx.core.content.FileProvider"
70-->src\main\AndroidManifest.xml:45:13-62
71            android:authorities="com.example.android.stockkeepingassistant.file-provider"
71-->src\main\AndroidManifest.xml:46:13-90
72            android:exported="false"
72-->src\main\AndroidManifest.xml:47:13-37
73            android:grantUriPermissions="true" >
73-->src\main\AndroidManifest.xml:48:13-47
74            <meta-data
74-->src\main\AndroidManifest.xml:49:13-51:49
75                android:name="android.support.FILE_PROVIDER_PATHS"
75-->src\main\AndroidManifest.xml:50:17-67
76                android:resource="@xml/files" />
76-->src\main\AndroidManifest.xml:51:17-46
77        </provider>
78
79        <service
79-->[com.google.firebase:firebase-database:20.1.0] AndroidManifest.xml:28:9-34:19
80            android:name="com.google.firebase.components.ComponentDiscoveryService"
80-->[com.google.firebase:firebase-database:20.1.0] AndroidManifest.xml:29:13-84
81            android:directBootAware="true"
81-->[com.google.firebase:firebase-common:20.2.0] AndroidManifest.xml:34:13-43
82            android:exported="false" >
82-->[com.google.firebase:firebase-database:20.1.0] AndroidManifest.xml:30:13-37
83            <meta-data
83-->[com.google.firebase:firebase-database:20.1.0] AndroidManifest.xml:31:13-33:85
84                android:name="com.google.firebase.components:com.google.firebase.database.DatabaseRegistrar"
84-->[com.google.firebase:firebase-database:20.1.0] AndroidManifest.xml:32:17-109
85                android:value="com.google.firebase.components.ComponentRegistrar" />
85-->[com.google.firebase:firebase-database:20.1.0] AndroidManifest.xml:33:17-82
86            <meta-data
86-->[com.google.firebase:firebase-auth:21.2.0] AndroidManifest.xml:69:13-71:85
87                android:name="com.google.firebase.components:com.google.firebase.auth.FirebaseAuthRegistrar"
87-->[com.google.firebase:firebase-auth:21.2.0] AndroidManifest.xml:70:17-109
88                android:value="com.google.firebase.components.ComponentRegistrar" />
88-->[com.google.firebase:firebase-auth:21.2.0] AndroidManifest.xml:71:17-82
89            <meta-data
89-->[com.google.firebase:firebase-storage:20.1.0] AndroidManifest.xml:32:13-34:85
90                android:name="com.google.firebase.components:com.google.firebase.storage.StorageRegistrar"
90-->[com.google.firebase:firebase-storage:20.1.0] AndroidManifest.xml:33:17-107
91                android:value="com.google.firebase.components.ComponentRegistrar" />
91-->[com.google.firebase:firebase-storage:20.1.0] AndroidManifest.xml:34:17-82
92            <meta-data
92-->[com.google.android.gms:play-services-measurement-api:18.0.2] AndroidManifest.xml:30:13-32:85
93                android:name="com.google.firebase.components:com.google.firebase.analytics.connector.internal.AnalyticsConnectorRegistrar"
93-->[com.google.android.gms:play-services-measurement-api:18.0.2] AndroidManifest.xml:31:17-139
94                android:value="com.google.firebase.components.ComponentRegistrar" />
94-->[com.google.android.gms:play-services-measurement-api:18.0.2] AndroidManifest.xml:32:17-82
95            <meta-data
95-->[com.google.firebase:firebase-installations:16.3.5] AndroidManifest.xml:18:13-20:85
96                android:name="com.google.firebase.components:com.google.firebase.installations.FirebaseInstallationsRegistrar"
96-->[com.google.firebase:firebase-installations:16.3.5] AndroidManifest.xml:19:17-127
97                android:value="com.google.firebase.components.ComponentRegistrar" />
97-->[com.google.firebase:firebase-installations:16.3.5] AndroidManifest.xml:20:17-82
98        </service>
99
100        <activity
100-->[com.google.firebase:firebase-auth:21.2.0] AndroidManifest.xml:29:9-46:20
101            android:name="com.google.firebase.auth.internal.GenericIdpActivity"
101-->[com.google.firebase:firebase-auth:21.2.0] AndroidManifest.xml:30:13-80
102            android:excludeFromRecents="true"
102-->[com.google.firebase:firebase-auth:21.2.0] AndroidManifest.xml:31:13-46
103            android:exported="true"
103-->[com.google.firebase:firebase-auth:21.2.0] AndroidManifest.xml:32:13-36
104            android:launchMode="singleTask"
104-->[com.google.firebase:firebase-auth:21.2.0] AndroidManifest.xml:33:13-44
105            android:theme="@android:style/Theme.Translucent.NoTitleBar" >
105-->[com.google.firebase:firebase-auth:21.2.0] AndroidManifest.xml:34:13-72
106            <intent-filter>
106-->[com.google.firebase:firebase-auth:21.2.0] AndroidManifest.xml:35:13-45:29
107                <action android:name="android.intent.action.VIEW" />
107-->[com.google.firebase:firebase-auth:21.2.0] AndroidManifest.xml:36:17-69
107-->[com.google.firebase:firebase-auth:21.2.0] AndroidManifest.xml:36:25-66
108
109                <category android:name="android.intent.category.DEFAULT" />
109-->[com.google.firebase:firebase-auth:21.2.0] AndroidManifest.xml:38:17-76
109-->[com.google.firebase:firebase-auth:21.2.0] AndroidManifest.xml:38:27-73
110                <category android:name="android.intent.category.BROWSABLE" />
110-->[com.google.firebase:firebase-auth:21.2.0] AndroidManifest.xml:39:17-78
110-->[com.google.firebase:firebase-auth:21.2.0] AndroidManifest.xml:39:27-75
111
112                <data
112-->[com.google.firebase:firebase-auth:21.2.0] AndroidManifest.xml:41:17-44:51
113                    android:host="firebase.auth"
113-->[com.google.firebase:firebase-auth:21.2.0] AndroidManifest.xml:42:21-49
114                    android:path="/"
114-->[com.google.firebase:firebase-auth:21.2.0] AndroidManifest.xml:43:21-37
115                    android:scheme="genericidp" />
115-->[com.google.firebase:firebase-auth:21.2.0] AndroidManifest.xml:44:21-48
116            </intent-filter>
117        </activity>
118        <activity
118-->[com.google.firebase:firebase-auth:21.2.0] AndroidManifest.xml:47:9-64:20
119            android:name="com.google.firebase.auth.internal.RecaptchaActivity"
119-->[com.google.firebase:firebase-auth:21.2.0] AndroidManifest.xml:48:13-79
120            android:excludeFromRecents="true"
120-->[com.google.firebase:firebase-auth:21.2.0] AndroidManifest.xml:49:13-46
121            android:exported="true"
121-->[com.google.firebase:firebase-auth:21.2.0] AndroidManifest.xml:50:13-36
122            android:launchMode="singleTask"
122-->[com.google.firebase:firebase-auth:21.2.0] AndroidManifest.xml:51:13-44
123            android:theme="@android:style/Theme.Translucent.NoTitleBar" >
123-->[com.google.firebase:firebase-auth:21.2.0] AndroidManifest.xml:52:13-72
124            <intent-filter>
124-->[com.google.firebase:firebase-auth:21.2.0] AndroidManifest.xml:53:13-63:29
125                <action android:name="android.intent.action.VIEW" />
125-->[com.google.firebase:firebase-auth:21.2.0] AndroidManifest.xml:36:17-69
125-->[com.google.firebase:firebase-auth:21.2.0] AndroidManifest.xml:36:25-66
126
127                <category android:name="android.intent.category.DEFAULT" />
127-->[com.google.firebase:firebase-auth:21.2.0] AndroidManifest.xml:38:17-76
127-->[com.google.firebase:firebase-auth:21.2.0] AndroidManifest.xml:38:27-73
128                <category android:name="android.intent.category.BROWSABLE" />
128-->[com.google.firebase:firebase-auth:21.2.0] AndroidManifest.xml:39:17-78
128-->[com.google.firebase:firebase-auth:21.2.0] AndroidManifest.xml:39:27-75
129
130                <data
130-->[com.google.firebase:firebase-auth:21.2.0] AndroidManifest.xml:41:17-44:51
131                    android:host="firebase.auth"
131-->[com.google.firebase:firebase-auth:21.2.0] AndroidManifest.xml:42:21-49
132                    android:path="/"
132-->[com.google.firebase:firebase-auth:21.2.0] AndroidManifest.xml:43:21-37
133                    android:scheme="recaptcha" />
133-->[com.google.firebase:firebase-auth:21.2.0] AndroidManifest.xml:44:21-48
134            </intent-filter>
135        </activity>
136        <activity
136-->[com.google.android.gms:play-services-base:18.0.1] AndroidManifest.xml:20:9-22:45
137            android:name="com.google.android.gms.common.api.GoogleApiActivity"
137-->[com.google.android.gms:play-services-base:18.0.1] AndroidManifest.xml:20:19-85
138            android:exported="false"
138-->[com.google.android.gms:play-services-base:18.0.1] AndroidManifest.xml:22:19-43
139            android:theme="@android:style/Theme.Translucent.NoTitleBar" />
139-->[com.google.android.gms:play-services-base:18.0.1] AndroidManifest.xml:21:19-78
140
141        <provider
141-->[com.google.firebase:firebase-common:20.2.0] AndroidManifest.xml:25:9-30:39
142            android:name="com.google.firebase.provider.FirebaseInitProvider"
142-->[com.google.firebase:firebase-common:20.2.0] AndroidManifest.xml:26:13-77
143            android:authorities="com.example.android.stockkeepingassistant.firebaseinitprovider"
143-->[com.google.firebase:firebase-common:20.2.0] AndroidManifest.xml:27:13-72
144            android:directBootAware="true"
144-->[com.google.firebase:firebase-common:20.2.0] AndroidManifest.xml:28:13-43
145            android:exported="false"
145-->[com.google.firebase:firebase-common:20.2.0] AndroidManifest.xml:29:13-37
146            android:initOrder="100" />
146-->[com.google.firebase:firebase-common:20.2.0] AndroidManifest.xml:30:13-36
147
148        <receiver
148-->[com.google.android.gms:play-services-measurement:18.0.2] AndroidManifest.xml:29:9-33:20
149            android:name="com.google.android.gms.measurement.AppMeasurementReceiver"
149-->[com.google.android.gms:play-services-measurement:18.0.2] AndroidManifest.xml:30:13-85
150            android:enabled="true"
150-->[com.google.android.gms:play-services-measurement:18.0.2] AndroidManifest.xml:31:13-35
151            android:exported="false" >
151-->[com.google.android.gms:play-services-measurement:18.0.2] AndroidManifest.xml:32:13-37
152        </receiver>
153
154        <service
154-->[com.google.android.gms:play-services-measurement:18.0.2] AndroidManifest.xml:35:9-38:40
155            android:name="com.google.android.gms.measurement.AppMeasurementService"
155-->[com.google.android.gms:play-services-measurement:18.0.2] AndroidManifest.xml:36:13-84
156            android:enabled="true"
156-->[com.google.android.gms:play-services-measurement:18.0.2] AndroidManifest.xml:37:13-35
157            android:exported="false" />
157-->[com.google.android.gms:play-services-measurement:18.0.2] AndroidManifest.xml:38:13-37
158        <service
158-->[com.google.android.gms:play-services-measurement:18.0.2] AndroidManifest.xml:39:9-43:72
159            android:name="com.google.android.gms.measurement.AppMeasurementJobService"
159-->[com.google.android.gms:play-services-measurement:18.0.2] AndroidManifest.xml:40:13-87
160            android:enabled="true"
160-->[com.google.android.gms:play-services-measurement:18.0.2] AndroidManifest.xml:41:13-35
161            android:exported="false"
161-->[com.google.android.gms:play-services-measurement:18.0.2] AndroidManifest.xml:42:13-37
162            android:permission="android.permission.BIND_JOB_SERVICE" />
162-->[com.google.android.gms:play-services-measurement:18.0.2] AndroidManifest.xml:43:13-69
163
164        <meta-data
164-->[com.google.android.gms:play-services-basement:18.1.0] AndroidManifest.xml:21:9-23:69
165            android:name="com.google.android.gms.version"
165-->[com.google.android.gms:play-services-basement:18.1.0] AndroidManifest.xml:22:13-58
166            android:value="@integer/google_play_services_version" />
166-->[com.google.android.gms:play-services-basement:18.1.0] AndroidManifest.xml:23:13-66
167
168        <provider
168-->[androidx.emoji2:emoji2:1.2.0] AndroidManifest.xml:24:9-32:20
169            android:name="androidx.startup.InitializationProvider"
169-->[androidx.emoji2:emoji2:1.2.0] AndroidManifest.xml:25:13-67
170            android:authorities="com.example.android.stockkeepingassistant.androidx-startup"
170-->[androidx.emoji2:emoji2:1.2.0] AndroidManifest.xml:26:13-68
171            android:exported="false" >
171-->[androidx.emoji2:emoji2:1.2.0] AndroidManifest.xml:27:13-37
172            <meta-data
172-->[androidx.emoji2:emoji2:1.2.0] AndroidManifest.xml:29:13-31:52
173                android:name="androidx.emoji2.text.EmojiCompatInitializer"
173-->[androidx.emoji2:emoji2:1.2.0] AndroidManifest.xml:30:17-75
174                android:value="androidx.startup" />
174-->[androidx.emoji2:emoji2:1.2.0] AndroidManifest.xml:31:17-49
175            <meta-data
175-->[androidx.lifecycle:lifecycle-process:2.4.1] AndroidManifest.xml:31:13-33:52
176                android:name="androidx.lifecycle.ProcessLifecycleInitializer"
176-->[androidx.lifecycle:lifecycle-process:2.4.1] AndroidManifest.xml:32:17-78
177                android:value="androidx.startup" />
177-->[androidx.lifecycle:lifecycle-process:2.4.1] AndroidManifest.xml:33:17-49
178        </provider>
179    </application>
180
181</manifest>